<?xml version="1.0" encoding="UTF-8"?>
<!-- Generated by org.testng.reporters.JUnitReportReporter -->
<testsuite hostname="ENCDAPPUNLT0302" failures="0" tests="1" name="TestCases.HomePageTest" time="8.994" errors="0" timestamp="2024-01-31T19:22:26 IST" skipped="0">
  <testcase classname="TestCases.HomePageTest" name="homepagetitle" time="8.994"/>
  <system-out/>
</testsuite> <!-- TestCases.HomePageTest -->
