<?xml version="1.0" encoding="UTF-8"?>
<!-- Generated by org.testng.reporters.JUnitReportReporter -->
<testsuite hostname="ENCDAPPUNLT0302" failures="0" tests="1" name="TestCases.DemoBlazeEndToEnd" time="10.775" errors="0" timestamp="2024-02-01T19:53:17 IST" skipped="0">
  <testcase classname="TestCases.DemoBlazeEndToEnd" name="democlass" time="10.775"/>
  <system-out/>
</testsuite> <!-- TestCases.DemoBlazeEndToEnd -->
