<?xml version="1.0" encoding="UTF-8"?>
<!-- Generated by org.testng.reporters.JUnitReportReporter -->
<testsuite hostname="ENCDAPPUNLT0302" failures="0" tests="1" name="com.Testcases.DemoBlazeTest" time="8.182" errors="0" timestamp="2024-02-01T19:53:17 IST" skipped="0">
  <testcase classname="com.Testcases.DemoBlazeTest" name="demoblazetest" time="8.182"/>
  <system-out/>
</testsuite> <!-- com.Testcases.DemoBlazeTest -->
