<?xml version="1.0" encoding="UTF-8"?>
<!-- Generated by org.testng.reporters.JUnitReportReporter -->
<testsuite hostname="ENCDAPPUNLT0302" failures="0" tests="1" name="TestCases.DemoClass" time="10.484" errors="0" timestamp="2024-02-01T12:07:46 IST" skipped="0">
  <testcase classname="TestCases.DemoClass" name="democlass" time="10.484"/>
  <system-out/>
</testsuite> <!-- TestCases.DemoClass -->
